1764480893.484429 client started (26552): version 3.5a, socket /private/tmp/tmux-501/default, protocol 8
1764480893.484512 on Darwin 23.6.0 Darwin Kernel Version 23.6.0: Wed Jul 31 20:49:39 PDT 2024; root:xnu-10063.141.1.700.5~1/RELEASE_ARM64_T6000
1764480893.484527 using libevent 2.1.12-stable select
1764480893.484990 using utf8proc 2.10.0
1764480893.485010 using ncurses 6.5 20240427
1764480893.485037 flags are 0x10010000
1764480893.485048 socket is /private/tmp/tmux-501/default
1764480893.485061 trying connect
1764480893.485112 add peer 0x120008000: 6 (0x0)
1764480893.487094 sending message 111 to peer 0x120008000 (8 bytes)
1764480893.487109 sending message 111 to peer 0x120008000 (8 bytes)
1764480893.487115 sending message 101 to peer 0x120008000 (15 bytes)
1764480893.487121 sending message 109 to peer 0x120008000 (4 bytes)
1764480893.487127 sending message 102 to peer 0x120008000 (13 bytes)
1764480893.487132 sending message 108 to peer 0x120008000 (25 bytes)
1764480893.487137 sending message 112 to peer 0x120008000 (58 bytes)
1764480893.487143 sending message 112 to peer 0x120008000 (5 bytes)
1764480893.487148 sending message 112 to peer 0x120008000 (5 bytes)
1764480893.487153 sending message 112 to peer 0x120008000 (6 bytes)
1764480893.487159 sending message 112 to peer 0x120008000 (6 bytes)
1764480893.487164 sending message 112 to peer 0x120008000 (11 bytes)
1764480893.487169 sending message 112 to peer 0x120008000 (10 bytes)
1764480893.487174 sending message 112 to peer 0x120008000 (13 bytes)
1764480893.487179 sending message 112 to peer 0x120008000 (14 bytes)
1764480893.487184 sending message 112 to peer 0x120008000 (19 bytes)
1764480893.487189 sending message 112 to peer 0x120008000 (11 bytes)
1764480893.487194 sending message 112 to peer 0x120008000 (10 bytes)
1764480893.487199 sending message 112 to peer 0x120008000 (15 bytes)
1764480893.487228 sending message 112 to peer 0x120008000 (21 bytes)
1764480893.487285 sending message 112 to peer 0x120008000 (13 bytes)
1764480893.487294 sending message 112 to peer 0x120008000 (7 bytes)
1764480893.487300 sending message 112 to peer 0x120008000 (13 bytes)
1764480893.487305 sending message 112 to peer 0x120008000 (7 bytes)
1764480893.487311 sending message 112 to peer 0x120008000 (13 bytes)
1764480893.487316 sending message 112 to peer 0x120008000 (9 bytes)
1764480893.487321 sending message 112 to peer 0x120008000 (21 bytes)
1764480893.487327 sending message 112 to peer 0x120008000 (13 bytes)
1764480893.487332 sending message 112 to peer 0x120008000 (9 bytes)
1764480893.487337 sending message 112 to peer 0x120008000 (16 bytes)
1764480893.487342 sending message 112 to peer 0x120008000 (13 bytes)
1764480893.487347 sending message 112 to peer 0x120008000 (9 bytes)
1764480893.487353 sending message 112 to peer 0x120008000 (9 bytes)
1764480893.487358 sending message 112 to peer 0x120008000 (12 bytes)
1764480893.487363 sending message 112 to peer 0x120008000 (8 bytes)
1764480893.487368 sending message 112 to peer 0x120008000 (8 bytes)
1764480893.487373 sending message 112 to peer 0x120008000 (13 bytes)
1764480893.487378 sending message 112 to peer 0x120008000 (7 bytes)
1764480893.487383 sending message 112 to peer 0x120008000 (7 bytes)
1764480893.487388 sending message 112 to peer 0x120008000 (9 bytes)
1764480893.487394 sending message 112 to peer 0x120008000 (9 bytes)
1764480893.487399 sending message 112 to peer 0x120008000 (15 bytes)
1764480893.487404 sending message 112 to peer 0x120008000 (13 bytes)
1764480893.487409 sending message 112 to peer 0x120008000 (12 bytes)
1764480893.487414 sending message 112 to peer 0x120008000 (8 bytes)
1764480893.487420 sending message 112 to peer 0x120008000 (14 bytes)
1764480893.487425 sending message 112 to peer 0x120008000 (11 bytes)
1764480893.487431 sending message 112 to peer 0x120008000 (9 bytes)
1764480893.487436 sending message 112 to peer 0x120008000 (10 bytes)
1764480893.487441 sending message 112 to peer 0x120008000 (10 bytes)
1764480893.487446 sending message 112 to peer 0x120008000 (10 bytes)
1764480893.487451 sending message 112 to peer 0x120008000 (10 bytes)
1764480893.487473 sending message 112 to peer 0x120008000 (11 bytes)
1764480893.487478 sending message 112 to peer 0x120008000 (12 bytes)
1764480893.487481 sending message 112 to peer 0x120008000 (12 bytes)
1764480893.487485 sending message 112 to peer 0x120008000 (12 bytes)
1764480893.487489 sending message 112 to peer 0x120008000 (12 bytes)
1764480893.487492 sending message 112 to peer 0x120008000 (12 bytes)
1764480893.487496 sending message 112 to peer 0x120008000 (11 bytes)
1764480893.487500 sending message 112 to peer 0x120008000 (11 bytes)
1764480893.487503 sending message 112 to peer 0x120008000 (12 bytes)
1764480893.487507 sending message 112 to peer 0x120008000 (12 bytes)
1764480893.487511 sending message 112 to peer 0x120008000 (12 bytes)
1764480893.487514 sending message 112 to peer 0x120008000 (12 bytes)
1764480893.487518 sending message 112 to peer 0x120008000 (12 bytes)
1764480893.487522 sending message 112 to peer 0x120008000 (9 bytes)
1764480893.487525 sending message 112 to peer 0x120008000 (12 bytes)
1764480893.487529 sending message 112 to peer 0x120008000 (13 bytes)
1764480893.487533 sending message 112 to peer 0x120008000 (13 bytes)
1764480893.487536 sending message 112 to peer 0x120008000 (13 bytes)
1764480893.487540 sending message 112 to peer 0x120008000 (13 bytes)
1764480893.487544 sending message 112 to peer 0x120008000 (13 bytes)
1764480893.487547 sending message 112 to peer 0x120008000 (8 bytes)
1764480893.487551 sending message 112 to peer 0x120008000 (11 bytes)
1764480893.487554 sending message 112 to peer 0x120008000 (11 bytes)
1764480893.487558 sending message 112 to peer 0x120008000 (11 bytes)
1764480893.487562 sending message 112 to peer 0x120008000 (12 bytes)
1764480893.487565 sending message 112 to peer 0x120008000 (12 bytes)
1764480893.487569 sending message 112 to peer 0x120008000 (12 bytes)
1764480893.487572 sending message 112 to peer 0x120008000 (12 bytes)
1764480893.487576 sending message 112 to peer 0x120008000 (13 bytes)
1764480893.487579 sending message 112 to peer 0x120008000 (13 bytes)
1764480893.487583 sending message 112 to peer 0x120008000 (13 bytes)
1764480893.487586 sending message 112 to peer 0x120008000 (8 bytes)
1764480893.487590 sending message 112 to peer 0x120008000 (13 bytes)
1764480893.487593 sending message 112 to peer 0x120008000 (13 bytes)
1764480893.487597 sending message 112 to peer 0x120008000 (13 bytes)
1764480893.487601 sending message 112 to peer 0x120008000 (13 bytes)
1764480893.487604 sending message 112 to peer 0x120008000 (13 bytes)
1764480893.487608 sending message 112 to peer 0x120008000 (12 bytes)
1764480893.487611 sending message 112 to peer 0x120008000 (12 bytes)
1764480893.487615 sending message 112 to peer 0x120008000 (12 bytes)
1764480893.487618 sending message 112 to peer 0x120008000 (12 bytes)
1764480893.487622 sending message 112 to peer 0x120008000 (13 bytes)
1764480893.487626 sending message 112 to peer 0x120008000 (8 bytes)
1764480893.487629 sending message 112 to peer 0x120008000 (13 bytes)
1764480893.487633 sending message 112 to peer 0x120008000 (13 bytes)
1764480893.487636 sending message 112 to peer 0x120008000 (13 bytes)
1764480893.487640 sending message 112 to peer 0x120008000 (13 bytes)
1764480893.487643 sending message 112 to peer 0x120008000 (13 bytes)
1764480893.487647 sending message 112 to peer 0x120008000 (13 bytes)
1764480893.487651 sending message 112 to peer 0x120008000 (13 bytes)
1764480893.487654 sending message 112 to peer 0x120008000 (12 bytes)
1764480893.487658 sending message 112 to peer 0x120008000 (12 bytes)
1764480893.487661 sending message 112 to peer 0x120008000 (12 bytes)
1764480893.487665 sending message 112 to peer 0x120008000 (8 bytes)
1764480893.487668 sending message 112 to peer 0x120008000 (12 bytes)
1764480893.487672 sending message 112 to peer 0x120008000 (13 bytes)
1764480893.487675 sending message 112 to peer 0x120008000 (13 bytes)
1764480893.487679 sending message 112 to peer 0x120008000 (13 bytes)
1764480893.487682 sending message 112 to peer 0x120008000 (13 bytes)
1764480893.487693 sending message 112 to peer 0x120008000 (13 bytes)
1764480893.487697 sending message 112 to peer 0x120008000 (13 bytes)
1764480893.487700 sending message 112 to peer 0x120008000 (13 bytes)
1764480893.487704 sending message 112 to peer 0x120008000 (13 bytes)
1764480893.487708 sending message 112 to peer 0x120008000 (12 bytes)
1764480893.487711 sending message 112 to peer 0x120008000 (10 bytes)
1764480893.487715 sending message 112 to peer 0x120008000 (12 bytes)
1764480893.487718 sending message 112 to peer 0x120008000 (12 bytes)
1764480893.487722 sending message 112 to peer 0x120008000 (12 bytes)
1764480893.487725 sending message 112 to peer 0x120008000 (13 bytes)
1764480893.487729 sending message 112 to peer 0x120008000 (13 bytes)
1764480893.487732 sending message 112 to peer 0x120008000 (13 bytes)
1764480893.487736 sending message 112 to peer 0x120008000 (13 bytes)
1764480893.487740 sending message 112 to peer 0x120008000 (13 bytes)
1764480893.487743 sending message 112 to peer 0x120008000 (13 bytes)
1764480893.487747 sending message 112 to peer 0x120008000 (13 bytes)
1764480893.487750 sending message 112 to peer 0x120008000 (10 bytes)
1764480893.487754 sending message 112 to peer 0x120008000 (13 bytes)
1764480893.487757 sending message 112 to peer 0x120008000 (12 bytes)
1764480893.487761 sending message 112 to peer 0x120008000 (12 bytes)
1764480893.487764 sending message 112 to peer 0x120008000 (12 bytes)
1764480893.487768 sending message 112 to peer 0x120008000 (10 bytes)
1764480893.487772 sending message 112 to peer 0x120008000 (10 bytes)
1764480893.487775 sending message 112 to peer 0x120008000 (10 bytes)
1764480893.487779 sending message 112 to peer 0x120008000 (12 bytes)
1764480893.487782 sending message 112 to peer 0x120008000 (13 bytes)
1764480893.487786 sending message 112 to peer 0x120008000 (13 bytes)
1764480893.487789 sending message 112 to peer 0x120008000 (13 bytes)
1764480893.487793 sending message 112 to peer 0x120008000 (13 bytes)
1764480893.487796 sending message 112 to peer 0x120008000 (13 bytes)
1764480893.487800 sending message 112 to peer 0x120008000 (10 bytes)
1764480893.487803 sending message 112 to peer 0x120008000 (11 bytes)
1764480893.487807 sending message 112 to peer 0x120008000 (12 bytes)
1764480893.487811 sending message 112 to peer 0x120008000 (12 bytes)
1764480893.487814 sending message 112 to peer 0x120008000 (12 bytes)
1764480893.487818 sending message 112 to peer 0x120008000 (12 bytes)
1764480893.487821 sending message 112 to peer 0x120008000 (12 bytes)
1764480893.487825 sending message 112 to peer 0x120008000 (11 bytes)
1764480893.487828 sending message 112 to peer 0x120008000 (12 bytes)
1764480893.487832 sending message 112 to peer 0x120008000 (12 bytes)
1764480893.487835 sending message 112 to peer 0x120008000 (13 bytes)
1764480893.487839 sending message 112 to peer 0x120008000 (13 bytes)
1764480893.487842 sending message 112 to peer 0x120008000 (13 bytes)
1764480893.487846 sending message 112 to peer 0x120008000 (13 bytes)
1764480893.487849 sending message 112 to peer 0x120008000 (13 bytes)
1764480893.487853 sending message 112 to peer 0x120008000 (10 bytes)
1764480893.487856 sending message 112 to peer 0x120008000 (9 bytes)
1764480893.487860 sending message 112 to peer 0x120008000 (12 bytes)
1764480893.487863 sending message 112 to peer 0x120008000 (13 bytes)
1764480893.487867 sending message 112 to peer 0x120008000 (13 bytes)
1764480893.487870 sending message 112 to peer 0x120008000 (13 bytes)
1764480893.487874 sending message 112 to peer 0x120008000 (13 bytes)
1764480893.487878 sending message 112 to peer 0x120008000 (13 bytes)
1764480893.487881 sending message 112 to peer 0x120008000 (9 bytes)
1764480893.487885 sending message 112 to peer 0x120008000 (12 bytes)
1764480893.487888 sending message 112 to peer 0x120008000 (13 bytes)
1764480893.487892 sending message 112 to peer 0x120008000 (13 bytes)
1764480893.487895 sending message 112 to peer 0x120008000 (13 bytes)
1764480893.487899 sending message 112 to peer 0x120008000 (13 bytes)
1764480893.487903 sending message 112 to peer 0x120008000 (13 bytes)
1764480893.487911 sending message 112 to peer 0x120008000 (11 bytes)
1764480893.487915 sending message 112 to peer 0x120008000 (12 bytes)
1764480893.487919 sending message 112 to peer 0x120008000 (13 bytes)
1764480893.487923 sending message 112 to peer 0x120008000 (13 bytes)
1764480893.487926 sending message 112 to peer 0x120008000 (13 bytes)
1764480893.487930 sending message 112 to peer 0x120008000 (13 bytes)
1764480893.487934 sending message 112 to peer 0x120008000 (13 bytes)
1764480893.487937 sending message 112 to peer 0x120008000 (11 bytes)
1764480893.487941 sending message 112 to peer 0x120008000 (12 bytes)
1764480893.487944 sending message 112 to peer 0x120008000 (12 bytes)
1764480893.487948 sending message 112 to peer 0x120008000 (12 bytes)
1764480893.487951 sending message 112 to peer 0x120008000 (12 bytes)
1764480893.487955 sending message 112 to peer 0x120008000 (12 bytes)
1764480893.487958 sending message 112 to peer 0x120008000 (21 bytes)
1764480893.487962 sending message 112 to peer 0x120008000 (12 bytes)
1764480893.487965 sending message 112 to peer 0x120008000 (9 bytes)
1764480893.487969 sending message 112 to peer 0x120008000 (6 bytes)
1764480893.487972 sending message 112 to peer 0x120008000 (13 bytes)
1764480893.487976 sending message 112 to peer 0x120008000 (10 bytes)
1764480893.487980 sending message 112 to peer 0x120008000 (24 bytes)
1764480893.487983 sending message 112 to peer 0x120008000 (13 bytes)
1764480893.487987 sending message 112 to peer 0x120008000 (9 bytes)
1764480893.487991 sending message 112 to peer 0x120008000 (70 bytes)
1764480893.487994 sending message 112 to peer 0x120008000 (69 bytes)
1764480893.487998 sending message 112 to peer 0x120008000 (12 bytes)
1764480893.488001 sending message 112 to peer 0x120008000 (10 bytes)
1764480893.488005 sending message 112 to peer 0x120008000 (10 bytes)
1764480893.488009 sending message 112 to peer 0x120008000 (24 bytes)
1764480893.488012 sending message 112 to peer 0x120008000 (13 bytes)
1764480893.488016 sending message 112 to peer 0x120008000 (10 bytes)
1764480893.488019 sending message 112 to peer 0x120008000 (10 bytes)
1764480893.488023 sending message 112 to peer 0x120008000 (10 bytes)
1764480893.488026 sending message 112 to peer 0x120008000 (13 bytes)
1764480893.488030 sending message 112 to peer 0x120008000 (15 bytes)
1764480893.488033 sending message 112 to peer 0x120008000 (5 bytes)
1764480893.488038 sending message 104 to peer 0x120008000 (0 bytes)
1764480893.488043 sending message 110 to peer 0x120008000 (0 bytes)
1764480893.488046 sending message 107 to peer 0x120008000 (4 bytes)
1764480893.488050 sending message 105 to peer 0x120008000 (82 bytes)
1764480893.488054 sending message 105 to peer 0x120008000 (86 bytes)
1764480893.488057 sending message 105 to peer 0x120008000 (31 bytes)
1764480893.488061 sending message 105 to peer 0x120008000 (20 bytes)
1764480893.488064 sending message 105 to peer 0x120008000 (22 bytes)
1764480893.488068 sending message 105 to peer 0x120008000 (17 bytes)
1764480893.488072 sending message 105 to peer 0x120008000 (15 bytes)
1764480893.488075 sending message 105 to peer 0x120008000 (8 bytes)
1764480893.488079 sending message 105 to peer 0x120008000 (13 bytes)
1764480893.488082 sending message 105 to peer 0x120008000 (32 bytes)
1764480893.488086 sending message 105 to peer 0x120008000 (96 bytes)
1764480893.488090 sending message 105 to peer 0x120008000 (19 bytes)
1764480893.488093 sending message 105 to peer 0x120008000 (11 bytes)
1764480893.488097 sending message 105 to peer 0x120008000 (475 bytes)
1764480893.488101 sending message 105 to peer 0x120008000 (29 bytes)
1764480893.488105 sending message 105 to peer 0x120008000 (15 bytes)
1764480893.488108 sending message 105 to peer 0x120008000 (8 bytes)
1764480893.488112 sending message 105 to peer 0x120008000 (66 bytes)
1764480893.488116 sending message 105 to peer 0x120008000 (20 bytes)
1764480893.488119 sending message 105 to peer 0x120008000 (18 bytes)
1764480893.488123 sending message 105 to peer 0x120008000 (26 bytes)
1764480893.488134 sending message 105 to peer 0x120008000 (57 bytes)
1764480893.488141 sending message 105 to peer 0x120008000 (42 bytes)
1764480893.488145 sending message 105 to peer 0x120008000 (13 bytes)
1764480893.488148 sending message 105 to peer 0x120008000 (52 bytes)
1764480893.488152 sending message 105 to peer 0x120008000 (10 bytes)
1764480893.488156 sending message 105 to peer 0x120008000 (20 bytes)
1764480893.488159 sending message 105 to peer 0x120008000 (14 bytes)
1764480893.488163 sending message 105 to peer 0x120008000 (19 bytes)
1764480893.488167 sending message 105 to peer 0x120008000 (27 bytes)
1764480893.488170 sending message 105 to peer 0x120008000 (26 bytes)
1764480893.488174 sending message 105 to peer 0x120008000 (39 bytes)
1764480893.488178 sending message 105 to peer 0x120008000 (30 bytes)
1764480893.488181 sending message 105 to peer 0x120008000 (75 bytes)
1764480893.488185 sending message 105 to peer 0x120008000 (35 bytes)
1764480893.488188 sending message 105 to peer 0x120008000 (32 bytes)
1764480893.488192 sending message 105 to peer 0x120008000 (10 bytes)
1764480893.488196 sending message 105 to peer 0x120008000 (26 bytes)
1764480893.488199 sending message 105 to peer 0x120008000 (12 bytes)
1764480893.488203 sending message 105 to peer 0x120008000 (22 bytes)
1764480893.488206 sending message 105 to peer 0x120008000 (29 bytes)
1764480893.488210 sending message 105 to peer 0x120008000 (15 bytes)
1764480893.488214 sending message 105 to peer 0x120008000 (52 bytes)
1764480893.488217 sending message 105 to peer 0x120008000 (45 bytes)
1764480893.488221 sending message 105 to peer 0x120008000 (82 bytes)
1764480893.488225 sending message 105 to peer 0x120008000 (32 bytes)
1764480893.488228 sending message 105 to peer 0x120008000 (18 bytes)
1764480893.488232 sending message 105 to peer 0x120008000 (12 bytes)
1764480893.488235 sending message 105 to peer 0x120008000 (22 bytes)
1764480893.488239 sending message 105 to peer 0x120008000 (25 bytes)
1764480893.488243 sending message 106 to peer 0x120008000 (0 bytes)
1764480893.488310 sending message 200 to peer 0x120008000 (4 bytes)
1764480893.488316 client loop enter
1764480893.488522 peer 0x120008000 message 303
1764480893.488530 open write file 2 -
1764480893.488544 sending message 305 to peer 0x120008000 (8 bytes)
1764480893.488559 write check file 2
1764480893.488605 peer 0x120008000 message 304
1764480893.488609 write 58 to file 2
1764480893.488614 peer 0x120008000 message 203
1764480893.488618 file 2 58 bytes left
1764480893.488629 write check file 2
1764480893.488633 client loop exit
